2020/11/08 04:43:26 failed to estimate gas needed: execution reverted
2020/11/08 04:45:01 failed to estimate gas needed: execution reverted
2020/11/08 04:45:46 failed to estimate gas needed: execution reverted
2020/11/08 04:52:24 failed to estimate gas needed: execution reverted
2020/11/08 04:55:30 failed to estimate gas needed: execution reverted
2020/11/08 05:05:51 failed to estimate gas needed: execution reverted
2020/11/08 05:07:23 failed to estimate gas needed: execution reverted
2020/11/08 05:09:30 transaction returns 0
2020/11/08 05:11:45 failed to estimate gas needed: execution reverted
2020/11/08 06:00:07 failed to estimate gas needed: execution reverted
2020/11/08 06:02:52 failed to estimate gas needed: execution reverted
2020/11/08 06:12:12 failed to estimate gas needed: execution reverted
2020/11/08 06:37:11 failed to estimate gas needed: execution reverted
2020/11/08 06:46:44 failed to estimate gas needed: execution reverted
2020/11/08 06:49:27 failed to estimate gas needed: execution reverted
2020/11/08 06:52:37 failed to estimate gas needed: execution reverted
2020/11/08 06:53:49 failed to estimate gas needed: execution reverted
2020/11/08 06:54:46 failed to estimate gas needed: execution reverted
2020/11/08 06:55:08 failed to estimate gas needed: execution reverted
2020/11/09 03:09:41 open : no such file or directory
2020/11/09 03:11:13 no input file specified
2020/11/09 03:12:40 no input file specified
2020/11/09 03:14:40 open test.csv: no such file or directorytest.csv
2020/11/09 03:14:51 error in number at line 1 ()
2020/11/09 03:15:50 error in number at line 1 ()
2020/11/10 01:30:31 record on line 15: wrong number of fields
2020/11/10 01:30:56 failed to estimate gas needed: execution reverted
2020/11/10 01:32:17 failed to estimate gas needed: execution reverted
2020/11/10 01:37:36 failed to estimate gas needed: execution reverted
2020/11/10 01:38:07 failed to estimate gas needed: execution reverted
2020/11/10 01:41:51 failed to estimate gas needed: execution reverted
2020/11/10 01:42:23 failed to estimate gas needed: execution reverted
2020/11/10 01:44:28 failed to estimate gas needed: execution reverted
2020/11/10 01:45:48 illegal opeation :contractbal
2020/11/10 01:46:29 illegal operation :contractbal
2020/11/10 01:47:54 failed to estimate gas needed: execution reverted
2020/11/10 01:51:38 failed to estimate gas needed: execution reverted
2020/11/10 01:52:28 failed to estimate gas needed: execution reverted
2020/11/10 01:54:19 failed to estimate gas needed: execution reverted
2020/11/10 01:55:35 failed to estimate gas needed: execution reverted
2020/11/10 02:00:15 failed to estimate gas needed: execution reverted
2020/11/10 02:01:48 failed to estimate gas needed: execution reverted
2020/11/10 02:03:12 failed to estimate gas needed: execution reverted
2020/11/10 02:04:34 failed to estimate gas needed: execution reverted
2020/11/10 02:05:14 failed to estimate gas needed: execution reverted
2020/11/10 04:42:27 failed to estimate gas needed: execution reverted
2020/11/10 04:49:59 failed to estimate gas needed: execution reverted
2020/11/10 04:51:34 failed to estimate gas needed: execution reverted
2020/11/10 04:52:25 failed to estimate gas needed: execution reverted
2020/11/10 04:55:38 failed to estimate gas needed: execution reverted
2020/11/10 04:58:17 failed to estimate gas needed: execution reverted
